Name                                                                                                     Stmts   Miss Branch BrPart  Cover
------------------------------------------------------------------------------------------------------------------------------------------
/Users/devajmody/Repos/msse/qa/scikit-bio/skbio/_base.py                                                    25      0      6      0   100%
/Users/devajmody/Repos/msse/qa/scikit-bio/skbio/_config.py                                                  15      0      6      1    95%
/Users/devajmody/Repos/msse/qa/scikit-bio/skbio/alignment/_indexing.py                                     116      0     46      0   100%
/Users/devajmody/Repos/msse/qa/scikit-bio/skbio/alignment/_pair.py                                         268      1    118      1    99%
/Users/devajmody/Repos/msse/qa/scikit-bio/skbio/alignment/_pairwise.py                                     215      1    102      2    99%
/Users/devajmody/Repos/msse/qa/scikit-bio/skbio/alignment/_path.py                                         295      5    108      2    98%
/Users/devajmody/Repos/msse/qa/scikit-bio/skbio/alignment/_repr.py                                          36      0     10      0   100%
/Users/devajmody/Repos/msse/qa/scikit-bio/skbio/alignment/_score.py                                         14      0      4      0   100%
/Users/devajmody/Repos/msse/qa/scikit-bio/skbio/alignment/_tabular_msa.py                                  381      3    184      1    99%
/Users/devajmody/Repos/msse/qa/scikit-bio/skbio/alignment/_utils.py                                        157      0     82      0   100%
/Users/devajmody/Repos/msse/qa/scikit-bio/skbio/binaries/_distance.py                                        6      0      0      0   100%
/Users/devajmody/Repos/msse/qa/scikit-bio/skbio/binaries/_ordination.py                                      6      0      0      0   100%
/Users/devajmody/Repos/msse/qa/scikit-bio/skbio/binaries/_util.py                                           45      6     20      2    82%
/Users/devajmody/Repos/msse/qa/scikit-bio/skbio/diversity/_block.py                                         76      1     28      4    95%
/Users/devajmody/Repos/msse/qa/scikit-bio/skbio/diversity/_driver.py                                       111      1     56      4    97%
/Users/devajmody/Repos/msse/qa/scikit-bio/skbio/diversity/_util.py                                          43      0     14      0   100%
/Users/devajmody/Repos/msse/qa/scikit-bio/skbio/diversity/alpha/_ace.py                                     32      0     12      0   100%
/Users/devajmody/Repos/msse/qa/scikit-bio/skbio/diversity/alpha/_base.py                                   199      1     56      1    99%
/Users/devajmody/Repos/msse/qa/scikit-bio/skbio/diversity/alpha/_chao1.py                                   47      0     12      0   100%
/Users/devajmody/Repos/msse/qa/scikit-bio/skbio/diversity/alpha/_gini.py                                    23      0      4      0   100%
/Users/devajmody/Repos/msse/qa/scikit-bio/skbio/diversity/alpha/_lladser.py                                100      0     42      1    99%
/Users/devajmody/Repos/msse/qa/scikit-bio/skbio/diversity/alpha/_pd.py                                      42      0     20      0   100%
/Users/devajmody/Repos/msse/qa/scikit-bio/skbio/diversity/beta/_unifrac.py                                  83      0     18      0   100%
/Users/devajmody/Repos/msse/qa/scikit-bio/skbio/embedding/_embedding.py                                    107      0     20      0   100%
/Users/devajmody/Repos/msse/qa/scikit-bio/skbio/embedding/_protein.py                                       40      0     10      0   100%
/Users/devajmody/Repos/msse/qa/scikit-bio/skbio/io/_exception.py                                            21      0      0      0   100%
/Users/devajmody/Repos/msse/qa/scikit-bio/skbio/io/_fileobject.py                                           36      0      6      0   100%
/Users/devajmody/Repos/msse/qa/scikit-bio/skbio/io/_iosources.py                                           139      3     10      0    98%
/Users/devajmody/Repos/msse/qa/scikit-bio/skbio/io/_warning.py                                               2      0      0      0   100%
/Users/devajmody/Repos/msse/qa/scikit-bio/skbio/io/descriptors.py                                           50      3     18      3    91%
/Users/devajmody/Repos/msse/qa/scikit-bio/skbio/io/format/_base.py                                         118      0     70      0   100%
/Users/devajmody/Repos/msse/qa/scikit-bio/skbio/io/format/_blast.py                                         19      0      2      0   100%
/Users/devajmody/Repos/msse/qa/scikit-bio/skbio/io/format/_sequence_feature_vocabulary.py                  169      1     78      3    98%
/Users/devajmody/Repos/msse/qa/scikit-bio/skbio/io/format/binary_dm.py                                      80      8     18      6    86%
/Users/devajmody/Repos/msse/qa/scikit-bio/skbio/io/format/biom.py                                           36      2      8      1    93%
/Users/devajmody/Repos/msse/qa/scikit-bio/skbio/io/format/blast6.py                                         17      0     10      0   100%
/Users/devajmody/Repos/msse/qa/scikit-bio/skbio/io/format/blast7.py                                         56      0     30      0   100%
/Users/devajmody/Repos/msse/qa/scikit-bio/skbio/io/format/clustal.py                                        92      0     42      2    99%
/Users/devajmody/Repos/msse/qa/scikit-bio/skbio/io/format/embed.py                                         122      5     46      4    93%
/Users/devajmody/Repos/msse/qa/scikit-bio/skbio/io/format/embl.py                                          399      7    166     14    96%
/Users/devajmody/Repos/msse/qa/scikit-bio/skbio/io/format/emptyfile.py                                       8      0      4      0   100%
/Users/devajmody/Repos/msse/qa/scikit-bio/skbio/io/format/fasta.py                                         149      0     58      0   100%
/Users/devajmody/Repos/msse/qa/scikit-bio/skbio/io/format/fastq.py                                         124      0     42      0   100%
/Users/devajmody/Repos/msse/qa/scikit-bio/skbio/io/format/genbank.py                                       185      0     66      2    99%
/Users/devajmody/Repos/msse/qa/scikit-bio/skbio/io/format/gff3.py                                          168      1     64      2    99%
/Users/devajmody/Repos/msse/qa/scikit-bio/skbio/io/format/lsmat.py                                          86      0     30      0   100%
/Users/devajmody/Repos/msse/qa/scikit-bio/skbio/io/format/newick.py                                        144      0     74      0   100%
/Users/devajmody/Repos/msse/qa/scikit-bio/skbio/io/format/ordination.py                                    131      0     60      0   100%
/Users/devajmody/Repos/msse/qa/scikit-bio/skbio/io/format/phylip.py                                         74      0     26      0   100%
/Users/devajmody/Repos/msse/qa/scikit-bio/skbio/io/format/qseq.py                                           60      0     16      0   100%
/Users/devajmody/Repos/msse/qa/scikit-bio/skbio/io/format/sample_metadata.py                                32      2     10      0    95%
/Users/devajmody/Repos/msse/qa/scikit-bio/skbio/io/format/stockholm.py                                     249      0    124      0   100%
/Users/devajmody/Repos/msse/qa/scikit-bio/skbio/io/format/taxdump.py                                        16      0      4      0   100%
/Users/devajmody/Repos/msse/qa/scikit-bio/skbio/io/registry.py                                             305      1    114      1    99%
/Users/devajmody/Repos/msse/qa/scikit-bio/skbio/io/util.py                                                  79      0     34      0   100%
/Users/devajmody/Repos/msse/qa/scikit-bio/skbio/metadata/_enan.py                                           23      0      2      0   100%
/Users/devajmody/Repos/msse/qa/scikit-bio/skbio/metadata/_interval.py                                      292      1    128      1    99%
/Users/devajmody/Repos/msse/qa/scikit-bio/skbio/metadata/_metadata.py                                      323      4     98      2    99%
/Users/devajmody/Repos/msse/qa/scikit-bio/skbio/metadata/_mixin.py                                         164      1     46      1    99%
/Users/devajmody/Repos/msse/qa/scikit-bio/skbio/metadata/_repr.py                                           85      0     26      0   100%
/Users/devajmody/Repos/msse/qa/scikit-bio/skbio/metadata/_testing.py                                       742      0     52      0   100%
/Users/devajmody/Repos/msse/qa/scikit-bio/skbio/metadata/base.py                                             5      0      0      0   100%
/Users/devajmody/Repos/msse/qa/scikit-bio/skbio/metadata/io.py                                             243      2    106      2    99%
/Users/devajmody/Repos/msse/qa/scikit-bio/skbio/metadata/missing.py                                         59      6     14      2    89%
/Users/devajmody/Repos/msse/qa/scikit-bio/skbio/sequence/_alphabet.py                                       67      1     36      1    98%
/Users/devajmody/Repos/msse/qa/scikit-bio/skbio/sequence/_dna.py                                            60      0      6      0   100%
/Users/devajmody/Repos/msse/qa/scikit-bio/skbio/sequence/_genetic_code.py                                  147      0     62      0   100%
/Users/devajmody/Repos/msse/qa/scikit-bio/skbio/sequence/_grammared_sequence.py                            218      0     70      1    99%
/Users/devajmody/Repos/msse/qa/scikit-bio/skbio/sequence/_nucleotide_mixin.py                               68      1     22      0    99%
/Users/devajmody/Repos/msse/qa/scikit-bio/skbio/sequence/_protein.py                                        62      0      2      0   100%
/Users/devajmody/Repos/msse/qa/scikit-bio/skbio/sequence/_repr.py                                           45      0      8      0   100%
/Users/devajmody/Repos/msse/qa/scikit-bio/skbio/sequence/_rna.py                                            64      1     10      0    99%
/Users/devajmody/Repos/msse/qa/scikit-bio/skbio/sequence/_sequence.py                                      455      0    222      1    99%
/Users/devajmody/Repos/msse/qa/scikit-bio/skbio/sequence/_substitution.py                                   84      3     18      0    97%
/Users/devajmody/Repos/msse/qa/scikit-bio/skbio/sequence/distance.py                                        28      0     12      0   100%
/Users/devajmody/Repos/msse/qa/scikit-bio/skbio/stats/_misc.py                                               9      0      4      0   100%
/Users/devajmody/Repos/msse/qa/scikit-bio/skbio/stats/_subsample.py                                         49      0     24      0   100%
/Users/devajmody/Repos/msse/qa/scikit-bio/skbio/stats/composition.py                                       622     12    222     15    97%
/Users/devajmody/Repos/msse/qa/scikit-bio/skbio/stats/distance/_anosim.py                                   20      0      0      0   100%
/Users/devajmody/Repos/msse/qa/scikit-bio/skbio/stats/distance/_base.py                                    342     19    128      3    95%
/Users/devajmody/Repos/msse/qa/scikit-bio/skbio/stats/distance/_bioenv.py                                   51      0     24      0   100%
/Users/devajmody/Repos/msse/qa/scikit-bio/skbio/stats/distance/_mantel.py                                  159      0     64      0   100%
/Users/devajmody/Repos/msse/qa/scikit-bio/skbio/stats/distance/_permanova.py                                23      0      2      0   100%
/Users/devajmody/Repos/msse/qa/scikit-bio/skbio/stats/distance/_permdisp.py                                 47      0     14      0   100%
/Users/devajmody/Repos/msse/qa/scikit-bio/skbio/stats/distance/_utils.py                                    33      0     12      0   100%
/Users/devajmody/Repos/msse/qa/scikit-bio/skbio/stats/evolve/_hommola.py                                    47      0     14      0   100%
/Users/devajmody/Repos/msse/qa/scikit-bio/skbio/stats/gradient.py                                          215     15     80     10    92%
/Users/devajmody/Repos/msse/qa/scikit-bio/skbio/stats/ordination/_canonical_correspondence_analysis.py      70      0     10      1    99%
/Users/devajmody/Repos/msse/qa/scikit-bio/skbio/stats/ordination/_correspondence_analysis.py                38      0      2      0   100%
/Users/devajmody/Repos/msse/qa/scikit-bio/skbio/stats/ordination/_ordination_results.py                    133     68     48      2    45%
/Users/devajmody/Repos/msse/qa/scikit-bio/skbio/stats/ordination/_principal_coordinate_analysis.py         118      3     42      3    96%
/Users/devajmody/Repos/msse/qa/scikit-bio/skbio/stats/ordination/_redundancy_analysis.py                    49      0      8      1    98%
/Users/devajmody/Repos/msse/qa/scikit-bio/skbio/stats/ordination/_utils.py                                  87      6     34      7    88%
/Users/devajmody/Repos/msse/qa/scikit-bio/skbio/stats/power.py                                             182      4     82      3    97%
/Users/devajmody/Repos/msse/qa/scikit-bio/skbio/table/_augment.py                                          171      0     64      0   100%
/Users/devajmody/Repos/msse/qa/scikit-bio/skbio/table/_base.py                                              13      0      2      0   100%
/Users/devajmody/Repos/msse/qa/scikit-bio/skbio/table/_tabular.py                                           78     13     54      5    83%
/Users/devajmody/Repos/msse/qa/scikit-bio/skbio/test.py                                                      1      0      0      0   100%
/Users/devajmody/Repos/msse/qa/scikit-bio/skbio/tree/_compare.py                                            91      0     34      0   100%
/Users/devajmody/Repos/msse/qa/scikit-bio/skbio/tree/_exception.py                                           5      0      0      0   100%
/Users/devajmody/Repos/msse/qa/scikit-bio/skbio/tree/_majority_rule.py                                      71      0     30      0   100%
/Users/devajmody/Repos/msse/qa/scikit-bio/skbio/tree/_me.py                                                386      1     88      1    99%
/Users/devajmody/Repos/msse/qa/scikit-bio/skbio/tree/_nj.py                                                 75      0     16      0   100%
/Users/devajmody/Repos/msse/qa/scikit-bio/skbio/tree/_tree.py                                             1224      1    680     11    99%
/Users/devajmody/Repos/msse/qa/scikit-bio/skbio/tree/_upgma.py                                              10      0      2      0   100%
/Users/devajmody/Repos/msse/qa/scikit-bio/skbio/tree/_utils.py                                              26      1     18      1    95%
/Users/devajmody/Repos/msse/qa/scikit-bio/skbio/util/_array.py                                              15      4      4      1    74%
/Users/devajmody/Repos/msse/qa/scikit-bio/skbio/util/_decorator.py                                          84      1     26      2    97%
/Users/devajmody/Repos/msse/qa/scikit-bio/skbio/util/_docstring.py                                          33      0     14      1    98%
/Users/devajmody/Repos/msse/qa/scikit-bio/skbio/util/_exception.py                                           3      0      0      0   100%
/Users/devajmody/Repos/msse/qa/scikit-bio/skbio/util/_gpu.py                                                 1      0      0      0   100%
/Users/devajmody/Repos/msse/qa/scikit-bio/skbio/util/_misc.py                                               56      0     18      0   100%
/Users/devajmody/Repos/msse/qa/scikit-bio/skbio/util/_optionals.py                                           8      0      2      0   100%
/Users/devajmody/Repos/msse/qa/scikit-bio/skbio/util/_plotting.py                                           28     23      4      0    16%
/Users/devajmody/Repos/msse/qa/scikit-bio/skbio/util/_random.py                                             14      0      8      0   100%
/Users/devajmody/Repos/msse/qa/scikit-bio/skbio/util/_testing.py                                           130      7     26      2    94%
/Users/devajmody/Repos/msse/qa/scikit-bio/skbio/util/_typing.py                                             26      2     14      7    78%
/Users/devajmody/Repos/msse/qa/scikit-bio/skbio/util/_warning.py                                            40      1     16      1    96%
/Users/devajmody/Repos/msse/qa/scikit-bio/skbio/workflow.py                                                141      3     60      4    97%
------------------------------------------------------------------------------------------------------------------------------------------
TOTAL                                                                                                    13906    256   5142    149    98%
